Using pre-set license
Built from '2020.3/release' branch; Version is '2020.3.12f1 (b3b2c6512326) revision 11776710'; Using compiler version '192528614'; Build Type 'Release'
OS: 'Windows 10 Home; OS build 19042.1083; Version 2009; 64bit' Language: 'en' Physical Memory: 8075 MB
BatchMode: 1, IsHumanControllingUs: 0, StartBugReporterOnCrash: 0, Is64bit: 1, IsPro: 0

 COMMAND LINE ARGUMENTS:
C:\Program Files\Unity\Hub\Editor\2020.3.12f1\Editor\Unity.exe
-adb2
-batchMode
-noUpm
-name
AssetImportWorker2
-projectPath
C:/Users/andyb/GDrive/Education/EvolveU/Projects/Project3/XAra
-logFile
Logs/AssetImportWorker2.log
-srvPort
62790
Successfully changed project path to: C:/Users/andyb/GDrive/Education/EvolveU/Projects/Project3/XAra
C:/Users/andyb/GDrive/Education/EvolveU/Projects/Project3/XAra
Using Asset Import Pipeline V2.
Refreshing native plugins compatible for Editor in 94.39 ms, found 5 plugins.
Preloading 0 native plugins for Editor in 0.00 ms.
Initialize engine version: 2020.3.12f1 (b3b2c6512326)
[Subsystems] Discovering subsystems at path C:/Program Files/Unity/Hub/Editor/2020.3.12f1/Editor/Data/Resources/UnitySubsystems
[Subsystems] Discovering subsystems at path C:/Users/andyb/GDrive/Education/EvolveU/Projects/Project3/XAra/Assets
GfxDevice: creating device client; threaded=0
Direct3D:
    Version:  Direct3D 11.0 [level 11.1]
    Renderer: Intel(R) UHD Graphics 620 (ID=0x5917)
    Vendor:   
    VRAM:     4037 MB
    Driver:   27.20.100.8682
Initialize mono
Mono path[0] = 'C:/Program Files/Unity/Hub/Editor/2020.3.12f1/Editor/Data/Managed'
Mono path[1] = 'C:/Program Files/Unity/Hub/Editor/2020.3.12f1/Editor/Data/MonoBleedingEdge/lib/mono/unityjit'
Mono config path = 'C:/Program Files/Unity/Hub/Editor/2020.3.12f1/Editor/Data/MonoBleedingEdge/etc'
Using monoOptions --debugger-agent=transport=dt_socket,embedding=1,server=y,suspend=n,address=127.0.0.1:56432
Begin MonoManager ReloadAssembly
Registering precompiled unity dll's ...
Register platform support module: C:/Program Files/Unity/Hub/Editor/2020.3.12f1/Editor/Data/PlaybackEngines/WebGLSupport/UnityEditor.WebGL.Extensions.dll
Register platform support module: C:/Program Files/Unity/Hub/Editor/2020.3.12f1/Editor/Data/PlaybackEngines/WindowsStandaloneSupport/UnityEditor.WindowsStandalone.Extensions.dll
Registered in 0.002520 seconds.
Native extension for WindowsStandalone target not found
Native extension for WebGL target not found
Refreshing native plugins compatible for Editor in 72.21 ms, found 5 plugins.
Preloading 0 native plugins for Editor in 0.00 ms.
Mono: successfully reloaded assembly
- Completed reload, in  2.172 seconds
Platform modules already initialized, skipping
Registering precompiled user dll's ...
Registered in 0.013404 seconds.
Begin MonoManager ReloadAssembly
Native extension for WindowsStandalone target not found
Native extension for WebGL target not found
Refreshing native plugins compatible for Editor in 63.65 ms, found 5 plugins.
Preloading 0 native plugins for Editor in 0.00 ms.
[ARLocation]: Starting up!
UnityEngine.StackTraceUtility:ExtractStackTrace ()
UnityEngine.DebugLogHandler:LogFormat (UnityEngine.LogType,UnityEngine.Object,string,object[])
UnityEngine.Logger:Log (UnityEngine.LogType,object)
UnityEngine.Debug:Log (object)
ARLocationEditorConfigManager:.cctor () (at Assets/ARLocation/Editor/ARLocationEditorConfigManager.cs:13)
System.Runtime.CompilerServices.RuntimeHelpers:RunClassConstructor (System.RuntimeTypeHandle)
UnityEditor.EditorAssemblies:ProcessInitializeOnLoadAttributes (System.Type[])

(Filename: Assets/ARLocation/Editor/ARLocationEditorConfigManager.cs Line: 13)

[ARLocation]: Resource folder already exists!
UnityEngine.StackTraceUtility:ExtractStackTrace ()
UnityEngine.DebugLogHandler:LogFormat (UnityEngine.LogType,UnityEngine.Object,string,object[])
UnityEngine.Logger:Log (UnityEngine.LogType,object)
UnityEngine.Debug:Log (object)
ARLocationEditorConfigManager:.cctor () (at Assets/ARLocation/Editor/ARLocationEditorConfigManager.cs:17)
System.Runtime.CompilerServices.RuntimeHelpers:RunClassConstructor (System.RuntimeTypeHandle)
UnityEditor.EditorAssemblies:ProcessInitializeOnLoadAttributes (System.Type[])

(Filename: Assets/ARLocation/Editor/ARLocationEditorConfigManager.cs Line: 17)

[ARLocation]: Config already exists!
UnityEngine.StackTraceUtility:ExtractStackTrace ()
UnityEngine.DebugLogHandler:LogFormat (UnityEngine.LogType,UnityEngine.Object,string,object[])
UnityEngine.Logger:Log (UnityEngine.LogType,object)
UnityEngine.Debug:Log (object)
ARLocationEditorConfigManager:.cctor () (at Assets/ARLocation/Editor/ARLocationEditorConfigManager.cs:29)
System.Runtime.CompilerServices.RuntimeHelpers:RunClassConstructor (System.RuntimeTypeHandle)
UnityEditor.EditorAssemblies:ProcessInitializeOnLoadAttributes (System.Type[])

(Filename: Assets/ARLocation/Editor/ARLocationEditorConfigManager.cs Line: 29)

Mono: successfully reloaded assembly
- Completed reload, in  1.910 seconds
Platform modules already initialized, skipping
========================================================================
Worker process is ready to serve import requests
Launched and connected shader compiler UnityShaderCompiler.exe after 0.10 seconds
Refreshing native plugins compatible for Editor in 1.03 ms, found 5 plugins.
Preloading 0 native plugins for Editor in 0.00 ms.
Unloading 2592 Unused Serialized files (Serialized files now loaded: 0)
System memory in use before: 109.5 MB.
System memory in use after: 109.6 MB.

Unloading 74 unused Assets to reduce memory usage. Loaded Objects now: 2976.
Total: 2.688000 ms (FindLiveObjects: 0.317700 ms CreateObjectMapping: 0.121900 ms MarkObjects: 2.133300 ms  DeleteObjects: 0.114000 ms)

AssetImportParameters requested are different than current active one (requested -> active):
  custom:framework-win-MediaFoundation: 216162199b28c13a410421893ffa2e32 -> 
  custom:video-decoder-ogg-theora: a1e56fd34408186e4bbccfd4996cb3dc -> 
  custom:container-muxer-webm: aa71ff27fc2769a1b78a27578f13a17b -> 
  custom:container-demuxer-webm: 4f35f7cbe854078d1ac9338744f61a02 -> 
  custom:container-demuxer-ogg: 62fdf1f143b41e24485cea50d1cbac27 -> 
  custom:video-encoder-webm-vp8: eb34c28f22e8b96e1ab97ce403110664 -> 
  custom:video-decoder-webm-vp8: 9c59270c3fd7afecdb556c50c9e8de78 -> 
  custom:audio-decoder-ogg-vorbis: bf7c407c2cedff20999df2af8eb42d56 -> 
  custom:audio-encoder-webm-vorbis: bf7c407c2cedff20999df2af8eb42d56 -> 
========================================================================
Received Import Request.
  path: Assets/MapboxAR/Examples/Scenes
  artifactKey: Guid(742c539913b6c4b228a261251683e214) Importer(815301076,1909f56bfc062723c751e8b465ee728b)
Start importing Assets/MapboxAR/Examples/Scenes using Guid(742c539913b6c4b228a261251683e214) Importer(815301076,1909f56bfc062723c751e8b465ee728b)  -> (artifact id: '3d14fc77614389f7d477f47928beb149') in 0.030303 seconds 
  Import took 0.036079 seconds .

========================================================================
Received Import Request.
  Time since last request: 0.000332 seconds.
  path: Assets/MapboxAR/Examples/SimpleMap/SimpleMergedBuildingStack.asset
  artifactKey: Guid(53b0044132a1d42d09be1058489da266) Importer(815301076,1909f56bfc062723c751e8b465ee728b)
Start importing Assets/MapboxAR/Examples/SimpleMap/SimpleMergedBuildingStack.asset using Guid(53b0044132a1d42d09be1058489da266) Importer(815301076,1909f56bfc062723c751e8b465ee728b)  -> (artifact id: '07827d9569a96b8c82ec82aaaa840f43') in 0.065247 seconds 
  Import took 0.069983 seconds .

========================================================================
Received Import Request.
  Time since last request: 0.000342 seconds.
  path: Assets/MapboxAR/Examples/SimpleMap/SimpleMapVector.asset
  artifactKey: Guid(8df172970e6b7499c8a5c214449b23bc) Importer(815301076,1909f56bfc062723c751e8b465ee728b)
Start importing Assets/MapboxAR/Examples/SimpleMap/SimpleMapVector.asset using Guid(8df172970e6b7499c8a5c214449b23bc) Importer(815301076,1909f56bfc062723c751e8b465ee728b)  -> (artifact id: '276b36b6ebeb88ef4cc2eb0c4c210b97') in 0.031731 seconds 
  Import took 0.036163 seconds .

========================================================================
Received Import Request.
  Time since last request: 0.000244 seconds.
  path: Assets/MapboxAR/Examples/SimpleMap/SimpleBuildingTextureModifier.asset
  artifactKey: Guid(106d5f356e9764a4daa4982c64ae2cd7) Importer(815301076,1909f56bfc062723c751e8b465ee728b)
Start importing Assets/MapboxAR/Examples/SimpleMap/SimpleBuildingTextureModifier.asset using Guid(106d5f356e9764a4daa4982c64ae2cd7) Importer(815301076,1909f56bfc062723c751e8b465ee728b)  -> (artifact id: '76ec6812dff1dc87dd27ee6739446132') in 0.026784 seconds 
  Import took 0.031913 seconds .

========================================================================
Received Import Request.
  Time since last request: 0.000257 seconds.
  path: Assets/MapboxAR/Examples/SimpleMap/SimpleBuildingHeightModifier.asset
  artifactKey: Guid(83eab91d2d26546288976f84b3c2412d) Importer(815301076,1909f56bfc062723c751e8b465ee728b)
Start importing Assets/MapboxAR/Examples/SimpleMap/SimpleBuildingHeightModifier.asset using Guid(83eab91d2d26546288976f84b3c2412d) Importer(815301076,1909f56bfc062723c751e8b465ee728b)  -> (artifact id: 'e07d16701b1a8a63f18925af0c17286a') in 0.037699 seconds 
  Import took 0.047608 seconds .

========================================================================
Received Import Request.
  Time since last request: 0.000992 seconds.
  path: Assets/MapboxAR/Examples
  artifactKey: Guid(9b196d5b682c9434e8c84bcbf965a156) Importer(815301076,1909f56bfc062723c751e8b465ee728b)
Start importing Assets/MapboxAR/Examples using Guid(9b196d5b682c9434e8c84bcbf965a156) Importer(815301076,1909f56bfc062723c751e8b465ee728b)  -> (artifact id: '6462a4ffa00167fc60464a01cd35343c') in 0.031946 seconds 
  Import took 0.041319 seconds .

========================================================================
Received Import Request.
  Time since last request: 0.000433 seconds.
  path: Assets/MapboxAR/Examples/SimpleMap/SimpleMapVisualizer.asset
  artifactKey: Guid(5c78f162127f44067883454c4f8e174e) Importer(815301076,1909f56bfc062723c751e8b465ee728b)
Start importing Assets/MapboxAR/Examples/SimpleMap/SimpleMapVisualizer.asset using Guid(5c78f162127f44067883454c4f8e174e) Importer(815301076,1909f56bfc062723c751e8b465ee728b)  -> (artifact id: 'a98aa0d545b3aad668dd3be547824763') in 0.026259 seconds 
  Import took 0.031508 seconds .

========================================================================
Received Import Request.
  Time since last request: 0.000268 seconds.
  path: Assets/MapboxAR/Examples/SimpleMap/SimpleMapFlatTerrain.asset
  artifactKey: Guid(75343b295fbc24f03821de2419a33312) Importer(815301076,1909f56bfc062723c751e8b465ee728b)
Start importing Assets/MapboxAR/Examples/SimpleMap/SimpleMapFlatTerrain.asset using Guid(75343b295fbc24f03821de2419a33312) Importer(815301076,1909f56bfc062723c751e8b465ee728b)  -> (artifact id: '784962360080653b74121d5b42edd690') in 0.029691 seconds 
  Import took 0.037396 seconds .

========================================================================
Received Import Request.
  Time since last request: 0.000557 seconds.
  path: Assets/MapboxAR/Examples/SimpleMap
  artifactKey: Guid(dd25826cc91c1478d9b48b5c83e30c92) Importer(815301076,1909f56bfc062723c751e8b465ee728b)
Start importing Assets/MapboxAR/Examples/SimpleMap using Guid(dd25826cc91c1478d9b48b5c83e30c92) Importer(815301076,1909f56bfc062723c751e8b465ee728b)  -> (artifact id: '3563c66c6487bbcbbfaaf62b7eb75a59') in 0.050179 seconds 
  Import took 0.062829 seconds .

========================================================================
Received Import Request.
  Time since last request: 0.000638 seconds.
  path: Assets/MapboxAR/Examples/SimpleMap/SimpleMapImage.asset
  artifactKey: Guid(5652b9f453dd24268a08faae6c7bd9f9) Importer(815301076,1909f56bfc062723c751e8b465ee728b)
Start importing Assets/MapboxAR/Examples/SimpleMap/SimpleMapImage.asset using Guid(5652b9f453dd24268a08faae6c7bd9f9) Importer(815301076,1909f56bfc062723c751e8b465ee728b)  -> (artifact id: 'fde7480495189a3f9c62e0c1a84aff3b') in 0.031819 seconds 
  Import took 0.038084 seconds .

========================================================================
Received Import Request.
  Time since last request: 0.000235 seconds.
  path: Assets/MapboxAR/Examples/SimpleMap/SimpleMapBuildings.asset
  artifactKey: Guid(452b52851c5b8492b8508b073771b7bf) Importer(815301076,1909f56bfc062723c751e8b465ee728b)
Start importing Assets/MapboxAR/Examples/SimpleMap/SimpleMapBuildings.asset using Guid(452b52851c5b8492b8508b073771b7bf) Importer(815301076,1909f56bfc062723c751e8b465ee728b)  -> (artifact id: '0e9df3c784e95ff852e855e707748bb0') in 0.028654 seconds 
  Import took 0.033960 seconds .

========================================================================
Received Import Request.
  Time since last request: 0.000315 seconds.
  path: Assets/MapboxAR/Examples/Scenes/WorldScaleAR-ManualAlignment.unity
  artifactKey: Guid(d9ff170f22f0545c3970a889a592f312) Importer(815301076,1909f56bfc062723c751e8b465ee728b)
Start importing Assets/MapboxAR/Examples/Scenes/WorldScaleAR-ManualAlignment.unity using Guid(d9ff170f22f0545c3970a889a592f312) Importer(815301076,1909f56bfc062723c751e8b465ee728b)  -> (artifact id: 'f417f00f304958bd0765923507e810ab') in 0.035778 seconds 
  Import took 0.042766 seconds .

========================================================================
Received Import Request.
  Time since last request: 0.000601 seconds.
  path: Assets/MapboxAR/Examples/SimpleMap/SimplePolygonModifier.asset
  artifactKey: Guid(9b49a4ce56c084e8299582be9fcbdb59) Importer(815301076,1909f56bfc062723c751e8b465ee728b)
Start importing Assets/MapboxAR/Examples/SimpleMap/SimplePolygonModifier.asset using Guid(9b49a4ce56c084e8299582be9fcbdb59) Importer(815301076,1909f56bfc062723c751e8b465ee728b)  -> (artifact id: '6b358d976644815a2e3c353f45d64391') in 0.028961 seconds 
  Import took 0.036218 seconds .

========================================================================
Received Import Request.
  Time since last request: 0.000189 seconds.
  path: Assets/MapboxAR
  artifactKey: Guid(e9b6e59af332ab549a84c67ae911036f) Importer(815301076,1909f56bfc062723c751e8b465ee728b)
Start importing Assets/MapboxAR using Guid(e9b6e59af332ab549a84c67ae911036f) Importer(815301076,1909f56bfc062723c751e8b465ee728b)  -> (artifact id: 'be2804657dcbc7809a49e924256fad1c') in 0.026741 seconds 
  Import took 0.036101 seconds .

========================================================================
Received Import Request.
  Time since last request: 0.000280 seconds.
  path: Assets/MapboxAR/Examples/SimpleMap/SimpleBuildingLayerModifier.asset
  artifactKey: Guid(1fbe34aa29621413a88e49555c97975c) Importer(815301076,1909f56bfc062723c751e8b465ee728b)
Start importing Assets/MapboxAR/Examples/SimpleMap/SimpleBuildingLayerModifier.asset using Guid(1fbe34aa29621413a88e49555c97975c) Importer(815301076,1909f56bfc062723c751e8b465ee728b)  -> (artifact id: '870ce48e228da0185c23aadf40ef97ef') in 0.028685 seconds 
  Import took 0.034147 seconds .

========================================================================
Received Import Request.
  Time since last request: 121.503830 seconds.
  path: Assets/GoogleARCore/SDK
  artifactKey: Guid(84e45386d8da3497591c38deb2bccd02) Importer(815301076,1909f56bfc062723c751e8b465ee728b)
Start importing Assets/GoogleARCore/SDK using Guid(84e45386d8da3497591c38deb2bccd02) Importer(815301076,1909f56bfc062723c751e8b465ee728b)  -> (artifact id: 'ace64e11499d3dacccf69e413e20710a') in 0.041664 seconds 
  Import took 0.050869 seconds .

========================================================================
Received Import Request.
  Time since last request: 1.970825 seconds.
  path: Assets/GoogleARCore/SDK/Scripts
  artifactKey: Guid(8f3875959d8dd4bdeb9620e0eb96fb3b) Importer(815301076,1909f56bfc062723c751e8b465ee728b)
Start importing Assets/GoogleARCore/SDK/Scripts using Guid(8f3875959d8dd4bdeb9620e0eb96fb3b) Importer(815301076,1909f56bfc062723c751e8b465ee728b)  -> (artifact id: 'cfc3846ae356b501c38cea80d61f67ad') in 0.037693 seconds 
  Import took 0.044842 seconds .

========================================================================
Received Import Request.
  Time since last request: 7.829599 seconds.
  path: Assets/GoogleARCore/SDK/Scripts/ARCoreBackgroundRenderer.cs
  artifactKey: Guid(eb172c260d42e4f62945afda50892c0c) Importer(815301076,1909f56bfc062723c751e8b465ee728b)
Start importing Assets/GoogleARCore/SDK/Scripts/ARCoreBackgroundRenderer.cs using Guid(eb172c260d42e4f62945afda50892c0c) Importer(815301076,1909f56bfc062723c751e8b465ee728b)  -> (artifact id: '432c6ab0701bf28c2ed66da5c48f45f9') in 0.047789 seconds 
  Import took 0.055253 seconds .

========================================================================
Received Import Request.
  Time since last request: 44.610042 seconds.
  path: Assets/Mapbox/Examples
  artifactKey: Guid(f8423c737b7de472293248d205081118) Importer(815301076,1909f56bfc062723c751e8b465ee728b)
Start importing Assets/Mapbox/Examples using Guid(f8423c737b7de472293248d205081118) Importer(815301076,1909f56bfc062723c751e8b465ee728b)  -> (artifact id: 'b4bafa673b35750acb0a1e0a765f43ff') in 0.037303 seconds 
  Import took 0.043392 seconds .

========================================================================
Received Import Request.
  Time since last request: 45.964809 seconds.
  path: Assets/Mapbox/Examples/1_DataExplorer
  artifactKey: Guid(59ed766f3a74135449dc3f48437e1ca0) Importer(815301076,1909f56bfc062723c751e8b465ee728b)
Start importing Assets/Mapbox/Examples/1_DataExplorer using Guid(59ed766f3a74135449dc3f48437e1ca0) Importer(815301076,1909f56bfc062723c751e8b465ee728b)  -> (artifact id: '0d6107ef2987d5d32b5fe4854f36dc65') in 0.036501 seconds 
  Import took 0.045178 seconds .

========================================================================
Received Import Request.
  Time since last request: 0.051626 seconds.
  path: Assets/Mapbox/Examples/1_DataExplorer/BuildingCollection.asset
  artifactKey: Guid(f11fd5ce183f93846858df725d8eab7b) Importer(815301076,1909f56bfc062723c751e8b465ee728b)
Start importing Assets/Mapbox/Examples/1_DataExplorer/BuildingCollection.asset using Guid(f11fd5ce183f93846858df725d8eab7b) Importer(815301076,1909f56bfc062723c751e8b465ee728b)  -> (artifact id: 'a9cada6ca67e031dc80b382952db6ff6') in 0.035107 seconds 
  Import took 0.042257 seconds .

========================================================================
Received Import Request.
  Time since last request: 7.897796 seconds.
  path: Assets/HONETi/flat_gui_elements/panels/action_bar_item_slot.png
  artifactKey: Guid(eef248d53b3f7bb4aa30a403a6cfd41c) Importer(815301076,1909f56bfc062723c751e8b465ee728b)
Start importing Assets/HONETi/flat_gui_elements/panels/action_bar_item_slot.png using Guid(eef248d53b3f7bb4aa30a403a6cfd41c) Importer(815301076,1909f56bfc062723c751e8b465ee728b)  -> (artifact id: '264c6b003244d082b07d1732a2b3ed82') in 0.218849 seconds 
  Import took 0.228651 seconds .

========================================================================
Received Import Request.
  Time since last request: 0.000441 seconds.
  path: Assets/HONETi/flat_gui_elements/additional_texture_sizes/panels/action_bar_slot.png
  artifactKey: Guid(57689e96e1979ca479ac3934c795ced2) Importer(815301076,1909f56bfc062723c751e8b465ee728b)
Start importing Assets/HONETi/flat_gui_elements/additional_texture_sizes/panels/action_bar_slot.png using Guid(57689e96e1979ca479ac3934c795ced2) Importer(815301076,1909f56bfc062723c751e8b465ee728b)  -> (artifact id: '3ce8d8b854ce16d98c9ae51ac3dcfd27') in 0.065140 seconds 
  Import took 0.076397 seconds .

========================================================================
Received Import Request.
  Time since last request: 0.000226 seconds.
  path: Assets/XR/Loaders/AR Core Loader.asset
  artifactKey: Guid(676daf4937b3a3e469d89d6d499ebc73) Importer(815301076,1909f56bfc062723c751e8b465ee728b)
Start importing Assets/XR/Loaders/AR Core Loader.asset using Guid(676daf4937b3a3e469d89d6d499ebc73) Importer(815301076,1909f56bfc062723c751e8b465ee728b)  -> (artifact id: '3050ef85b9e73e5c049ff14bd9c4c313') in 0.050233 seconds 
  Import took 0.065045 seconds .

========================================================================
Received Import Request.
  Time since last request: 0.000231 seconds.
  path: Assets/XR/Loaders/AR Kit Loader.asset
  artifactKey: Guid(377ebfcf19da84ac0aa1a331ebf7031c) Importer(815301076,1909f56bfc062723c751e8b465ee728b)
Start importing Assets/XR/Loaders/AR Kit Loader.asset using Guid(377ebfcf19da84ac0aa1a331ebf7031c) Importer(815301076,1909f56bfc062723c751e8b465ee728b)  -> (artifact id: 'eb7e8e65308e34932cee4582dd52f980') in 0.045956 seconds 
  Import took 0.056973 seconds .

========================================================================
Received Import Request.
  Time since last request: 0.000666 seconds.
  path: Assets/HONETi/flat_gui_elements/panels/action_bar_item_slot.png
  artifactKey: Guid(eef248d53b3f7bb4aa30a403a6cfd41c) Importer(815301076,1909f56bfc062723c751e8b465ee728b)
Start importing Assets/HONETi/flat_gui_elements/panels/action_bar_item_slot.png using Guid(eef248d53b3f7bb4aa30a403a6cfd41c) Importer(815301076,1909f56bfc062723c751e8b465ee728b)  -> (artifact id: '264c6b003244d082b07d1732a2b3ed82') in 0.046998 seconds 
  Import took 0.058162 seconds .

========================================================================
Received Import Request.
  Time since last request: 0.000345 seconds.
  path: Assets/ARLocation/Prefabs/Sample Assets/AR Floor.prefab
  artifactKey: Guid(fd8a1ea49b1bb463bb0f799cae30cdcb) Importer(815301076,1909f56bfc062723c751e8b465ee728b)
Start importing Assets/ARLocation/Prefabs/Sample Assets/AR Floor.prefab using Guid(fd8a1ea49b1bb463bb0f799cae30cdcb) Importer(815301076,1909f56bfc062723c751e8b465ee728b)  -> (artifact id: 'e73f22269581a940a419c8c6b48c1af3') in 0.242312 seconds 
  Import took 0.251957 seconds .

========================================================================
Received Import Request.
  Time since last request: 1.834910 seconds.
  path: Assets/ARLocation/LocationPaths/AR Location Path.asset
  artifactKey: Guid(1b1f504e6d9c47c49931e78552b92a04) Importer(815301076,1909f56bfc062723c751e8b465ee728b)
Start importing Assets/ARLocation/LocationPaths/AR Location Path.asset using Guid(1b1f504e6d9c47c49931e78552b92a04) Importer(815301076,1909f56bfc062723c751e8b465ee728b)  -> (artifact id: 'f0f6c16d437daaff20fd2483011fd62e') in 0.032859 seconds 
  Import took 0.040796 seconds .

========================================================================
Received Import Request.
  Time since last request: 0.000305 seconds.
  path: Assets/ARLocation/LocationPaths/AR Location Path 9.asset
  artifactKey: Guid(13c605b44f728694d850fba61b5c3015) Importer(815301076,1909f56bfc062723c751e8b465ee728b)
Start importing Assets/ARLocation/LocationPaths/AR Location Path 9.asset using Guid(13c605b44f728694d850fba61b5c3015) Importer(815301076,1909f56bfc062723c751e8b465ee728b)  -> (artifact id: '700a34837bc0b77cc2ae195c15a5ea65') in 0.033978 seconds 
  Import took 0.041908 seconds .

========================================================================
Received Import Request.
  Time since last request: 0.000800 seconds.
  path: Assets/ARLocation/LocationPaths/AR Location Path 4.asset
  artifactKey: Guid(9a66631d69a54445d8b3a98d8ed0d35e) Importer(815301076,1909f56bfc062723c751e8b465ee728b)
Start importing Assets/ARLocation/LocationPaths/AR Location Path 4.asset using Guid(9a66631d69a54445d8b3a98d8ed0d35e) Importer(815301076,1909f56bfc062723c751e8b465ee728b)  -> (artifact id: '4daa2ce66fdf636ddfe66ff7041fcc1c') in 0.041439 seconds 
  Import took 0.054397 seconds .

========================================================================
Received Import Request.
  Time since last request: 0.000433 seconds.
  path: Assets/ARLocation/LocationPaths/AR Location Path 1.asset
  artifactKey: Guid(0e99505f9b7f4bc4a82380da6c6360c8) Importer(815301076,1909f56bfc062723c751e8b465ee728b)
Start importing Assets/ARLocation/LocationPaths/AR Location Path 1.asset using Guid(0e99505f9b7f4bc4a82380da6c6360c8) Importer(815301076,1909f56bfc062723c751e8b465ee728b)  -> (artifact id: '07ca7c2a0774d801c697355aedce4e9f') in 0.044627 seconds 
  Import took 0.055745 seconds .

========================================================================
Received Import Request.
  Time since last request: 0.000434 seconds.
  path: Assets/ARLocation/LocationPaths/AR Location Path 5.asset
  artifactKey: Guid(1392d310e5d5a064cb938f80cfbba67a) Importer(815301076,1909f56bfc062723c751e8b465ee728b)
Start importing Assets/ARLocation/LocationPaths/AR Location Path 5.asset using Guid(1392d310e5d5a064cb938f80cfbba67a) Importer(815301076,1909f56bfc062723c751e8b465ee728b)  -> (artifact id: 'f8b05337f9fe0ba07ef0d7f9cc68e5af') in 0.035814 seconds 
  Import took 0.048224 seconds .

========================================================================
Received Import Request.
  Time since last request: 0.000425 seconds.
  path: Assets/ARLocation/LocationPaths/AR Location Path 8.asset
  artifactKey: Guid(045a21bce8ea5024498acb033dbc5737) Importer(815301076,1909f56bfc062723c751e8b465ee728b)
Start importing Assets/ARLocation/LocationPaths/AR Location Path 8.asset using Guid(045a21bce8ea5024498acb033dbc5737) Importer(815301076,1909f56bfc062723c751e8b465ee728b)  -> (artifact id: 'da176158d7b4e6d58d88456116feab07') in 0.039375 seconds 
  Import took 0.046749 seconds .

========================================================================
Received Import Request.
  Time since last request: 0.000378 seconds.
  path: Assets/ARLocation/LocationPaths/AR Location Path 3.asset
  artifactKey: Guid(17606836b817b40f6a1fdc33ce075d4f) Importer(815301076,1909f56bfc062723c751e8b465ee728b)
Start importing Assets/ARLocation/LocationPaths/AR Location Path 3.asset using Guid(17606836b817b40f6a1fdc33ce075d4f) Importer(815301076,1909f56bfc062723c751e8b465ee728b)  -> (artifact id: '9baabda3fc0a5eee608d76d77fc6bf5f') in 0.048259 seconds 
  Import took 0.057710 seconds .

========================================================================
Received Import Request.
  Time since last request: 0.000764 seconds.
  path: Assets/ARLocation/LocationPaths/AR Location Path 2.asset
  artifactKey: Guid(b734d741cfce0a74388927a7ff27ec2c) Importer(815301076,1909f56bfc062723c751e8b465ee728b)
Start importing Assets/ARLocation/LocationPaths/AR Location Path 2.asset using Guid(b734d741cfce0a74388927a7ff27ec2c) Importer(815301076,1909f56bfc062723c751e8b465ee728b)  -> (artifact id: 'd0d570fbf1b9fa9a27feb95db203bd7a') in 0.033103 seconds 
  Import took 0.045831 seconds .

========================================================================
Received Import Request.
  Time since last request: 0.000535 seconds.
  path: Assets/ARLocation/LocationPaths/AR Location Path 7.asset
  artifactKey: Guid(40656e04324564609a3ab0b5bd09e72b) Importer(815301076,1909f56bfc062723c751e8b465ee728b)
Start importing Assets/ARLocation/LocationPaths/AR Location Path 7.asset using Guid(40656e04324564609a3ab0b5bd09e72b) Importer(815301076,1909f56bfc062723c751e8b465ee728b)  -> (artifact id: '7333d047b482f50840748c90c1ab1cef') in 0.042604 seconds 
  Import took 0.057828 seconds .

========================================================================
Received Import Request.
  Time since last request: 0.000378 seconds.
  path: Assets/ARLocation/LocationPaths/AR Location Path 6.asset
  artifactKey: Guid(6dcfb0cd3832735449491a8eef769613) Importer(815301076,1909f56bfc062723c751e8b465ee728b)
Start importing Assets/ARLocation/LocationPaths/AR Location Path 6.asset using Guid(6dcfb0cd3832735449491a8eef769613) Importer(815301076,1909f56bfc062723c751e8b465ee728b)  -> (artifact id: '0ffef9e1c361e47160a17fb4f08dc661') in 0.035985 seconds 
  Import took 0.046754 seconds .

========================================================================
Received Import Request.
  Time since last request: 2.258513 seconds.
  path: Assets/Mapbox/Resources/Mapbox/PrefabList.asset
  artifactKey: Guid(8d2ff5cb743b345f4a7ff8b3cdc69f27) Importer(815301076,1909f56bfc062723c751e8b465ee728b)
Start importing Assets/Mapbox/Resources/Mapbox/PrefabList.asset using Guid(8d2ff5cb743b345f4a7ff8b3cdc69f27) Importer(815301076,1909f56bfc062723c751e8b465ee728b)  -> (artifact id: '3c447e9a8019b166d4ddb4e0ac067689') in 0.029203 seconds 
  Import took 0.035500 seconds .

========================================================================
Received Import Request.
  Time since last request: 0.000304 seconds.
  path: Assets/Mapbox/Resources/Mapbox/PrefabScreens/Location-basedGame.gif
  artifactKey: Guid(b9da555a2df00402d86244517dae835a) Importer(815301076,1909f56bfc062723c751e8b465ee728b)
Start importing Assets/Mapbox/Resources/Mapbox/PrefabScreens/Location-basedGame.gif using Guid(b9da555a2df00402d86244517dae835a) Importer(815301076,1909f56bfc062723c751e8b465ee728b)  -> (artifact id: 'f7b5225b2bdd0d0256a5cad78796d994') in 0.086909 seconds 
  Import took 0.091548 seconds .

========================================================================
Received Import Request.
  Time since last request: 0.000260 seconds.
  path: Assets/Mapbox/Resources/Mapbox/ScenesList.asset
  artifactKey: Guid(5424214e66dd94ac79007c7c31989849) Importer(815301076,1909f56bfc062723c751e8b465ee728b)
Start importing Assets/Mapbox/Resources/Mapbox/ScenesList.asset using Guid(5424214e66dd94ac79007c7c31989849) Importer(815301076,1909f56bfc062723c751e8b465ee728b)  -> (artifact id: 'b4eb8ab4f1969f91f11179b0fcdf9ee0') in 0.049041 seconds 
  Import took 0.054596 seconds .

========================================================================
Received Import Request.
  Time since last request: 2.660705 seconds.
  path: Assets/Mapbox/Examples/0_PrefabScenes/Location-basedGame.unity
  artifactKey: Guid(42f6aa7ce7a604f16ade319663f46ceb) Importer(815301076,1909f56bfc062723c751e8b465ee728b)
Start importing Assets/Mapbox/Examples/0_PrefabScenes/Location-basedGame.unity using Guid(42f6aa7ce7a604f16ade319663f46ceb) Importer(815301076,1909f56bfc062723c751e8b465ee728b)  -> (artifact id: '70e328b137522c0a00fe7e6da6df6c55') in 0.035654 seconds 
  Import took 0.045137 seconds .

========================================================================
Received Import Request.
  Time since last request: 744.812923 seconds.
  path: Assets/UnityARKitPlugin
  artifactKey: Guid(46ff32aeaba4bcc4eb384cdf7cf29456) Importer(815301076,1909f56bfc062723c751e8b465ee728b)
Start importing Assets/UnityARKitPlugin using Guid(46ff32aeaba4bcc4eb384cdf7cf29456) Importer(815301076,1909f56bfc062723c751e8b465ee728b)  -> (artifact id: '6cff2a74c141a30295a8034353b4745d') in 0.048216 seconds 
  Import took 0.097440 seconds .

========================================================================
Received Import Request.
  Time since last request: 5.739314 seconds.
  path: Assets/UnityARInterface
  artifactKey: Guid(67e11b50dcd5c7244a9205257784ab20) Importer(815301076,1909f56bfc062723c751e8b465ee728b)
Start importing Assets/UnityARInterface using Guid(67e11b50dcd5c7244a9205257784ab20) Importer(815301076,1909f56bfc062723c751e8b465ee728b)  -> (artifact id: '803cd8192b1e6a0e8bb501629ce51f32') in 0.038619 seconds 
  Import took 0.050898 seconds .

========================================================================
Received Import Request.
  Time since last request: 5.116371 seconds.
  path: Assets/GoogleARCore
  artifactKey: Guid(74e4fcdb05c15f743842e3280864e8b1) Importer(815301076,1909f56bfc062723c751e8b465ee728b)
Start importing Assets/GoogleARCore using Guid(74e4fcdb05c15f743842e3280864e8b1) Importer(815301076,1909f56bfc062723c751e8b465ee728b)  -> (artifact id: 'f521b5ab2db985e70e5277b8edd473a7') in 0.039232 seconds 
  Import took 0.050708 seconds .

========================================================================
Received Prepare
Registering precompiled user dll's ...
Registered in 0.051860 seconds.
Begin MonoManager ReloadAssembly
Native extension for WindowsStandalone target not found
Native extension for WebGL target not found
Refreshing native plugins compatible for Editor in 1.24 ms, found 3 plugins.
Preloading 0 native plugins for Editor in 0.00 ms.
[ARLocation]: Starting up!
UnityEngine.StackTraceUtility:ExtractStackTrace ()
UnityEngine.DebugLogHandler:LogFormat (UnityEngine.LogType,UnityEngine.Object,string,object[])
UnityEngine.Logger:Log (UnityEngine.LogType,object)
UnityEngine.Debug:Log (object)
ARLocationEditorConfigManager:.cctor () (at Assets/ARLocation/Editor/ARLocationEditorConfigManager.cs:13)
System.Runtime.CompilerServices.RuntimeHelpers:RunClassConstructor (System.RuntimeTypeHandle)
UnityEditor.EditorAssemblies:ProcessInitializeOnLoadAttributes (System.Type[])

(Filename: Assets/ARLocation/Editor/ARLocationEditorConfigManager.cs Line: 13)

[ARLocation]: Resource folder already exists!
UnityEngine.StackTraceUtility:ExtractStackTrace ()
UnityEngine.DebugLogHandler:LogFormat (UnityEngine.LogType,UnityEngine.Object,string,object[])
UnityEngine.Logger:Log (UnityEngine.LogType,object)
UnityEngine.Debug:Log (object)
ARLocationEditorConfigManager:.cctor () (at Assets/ARLocation/Editor/ARLocationEditorConfigManager.cs:17)
System.Runtime.CompilerServices.RuntimeHelpers:RunClassConstructor (System.RuntimeTypeHandle)
UnityEditor.EditorAssemblies:ProcessInitializeOnLoadAttributes (System.Type[])

(Filename: Assets/ARLocation/Editor/ARLocationEditorConfigManager.cs Line: 17)

[ARLocation]: Config already exists!
UnityEngine.StackTraceUtility:ExtractStackTrace ()
UnityEngine.DebugLogHandler:LogFormat (UnityEngine.LogType,UnityEngine.Object,string,object[])
UnityEngine.Logger:Log (UnityEngine.LogType,object)
UnityEngine.Debug:Log (object)
ARLocationEditorConfigManager:.cctor () (at Assets/ARLocation/Editor/ARLocationEditorConfigManager.cs:29)
System.Runtime.CompilerServices.RuntimeHelpers:RunClassConstructor (System.RuntimeTypeHandle)
UnityEditor.EditorAssemblies:ProcessInitializeOnLoadAttributes (System.Type[])

(Filename: Assets/ARLocation/Editor/ARLocationEditorConfigManager.cs Line: 29)

Mono: successfully reloaded assembly
- Completed reload, in  3.359 seconds
Platform modules already initialized, skipping
Switching build target platform(19) subTarget(0) extendedPlatform(0) -> platform(13) subTarget(524288) extendedPlatform(0)
Refreshing native plugins compatible for Editor in 1.50 ms, found 3 plugins.
Preloading 0 native plugins for Editor in 0.00 ms.
Unloading 2376 Unused Serialized files (Serialized files now loaded: 0)
System memory in use before: 107.6 MB.
System memory in use after: 107.8 MB.

Unloading 228 unused Assets to reduce memory usage. Loaded Objects now: 2825.
Total: 3.868300 ms (FindLiveObjects: 0.406200 ms CreateObjectMapping: 0.240500 ms MarkObjects: 3.075800 ms  DeleteObjects: 0.144000 ms)

AssetImportParameters requested are different than current active one (requested -> active):
  custom:framework-win-MediaFoundation: 216162199b28c13a410421893ffa2e32 -> 
  custom:video-decoder-ogg-theora: a1e56fd34408186e4bbccfd4996cb3dc -> 
  custom:container-muxer-webm: aa71ff27fc2769a1b78a27578f13a17b -> 
  custom:container-demuxer-webm: 4f35f7cbe854078d1ac9338744f61a02 -> 
  custom:container-demuxer-ogg: 62fdf1f143b41e24485cea50d1cbac27 -> 
  custom:video-encoder-webm-vp8: eb34c28f22e8b96e1ab97ce403110664 -> 
  custom:video-decoder-webm-vp8: 9c59270c3fd7afecdb556c50c9e8de78 -> 
  custom:graphics/normal-map-encoding: 01000000000000000000000000000000 -> 02000000000000000000000000000000
  custom:audio-decoder-ogg-vorbis: bf7c407c2cedff20999df2af8eb42d56 -> 
  custom:audio-encoder-webm-vorbis: bf7c407c2cedff20999df2af8eb42d56 -> 
========================================================================
Received Prepare
Registering precompiled user dll's ...
Registered in 0.043028 seconds.
Begin MonoManager ReloadAssembly
Native extension for WindowsStandalone target not found
Native extension for WebGL target not found
Refreshing native plugins compatible for Editor in 0.94 ms, found 3 plugins.
Preloading 0 native plugins for Editor in 0.00 ms.
[ARLocation]: Starting up!
UnityEngine.StackTraceUtility:ExtractStackTrace ()
UnityEngine.DebugLogHandler:LogFormat (UnityEngine.LogType,UnityEngine.Object,string,object[])
UnityEngine.Logger:Log (UnityEngine.LogType,object)
UnityEngine.Debug:Log (object)
ARLocationEditorConfigManager:.cctor () (at Assets/ARLocation/Editor/ARLocationEditorConfigManager.cs:13)
System.Runtime.CompilerServices.RuntimeHelpers:RunClassConstructor (System.RuntimeTypeHandle)
UnityEditor.EditorAssemblies:ProcessInitializeOnLoadAttributes (System.Type[])

(Filename: Assets/ARLocation/Editor/ARLocationEditorConfigManager.cs Line: 13)

[ARLocation]: Resource folder already exists!
UnityEngine.StackTraceUtility:ExtractStackTrace ()
UnityEngine.DebugLogHandler:LogFormat (UnityEngine.LogType,UnityEngine.Object,string,object[])
UnityEngine.Logger:Log (UnityEngine.LogType,object)
UnityEngine.Debug:Log (object)
ARLocationEditorConfigManager:.cctor () (at Assets/ARLocation/Editor/ARLocationEditorConfigManager.cs:17)
System.Runtime.CompilerServices.RuntimeHelpers:RunClassConstructor (System.RuntimeTypeHandle)
UnityEditor.EditorAssemblies:ProcessInitializeOnLoadAttributes (System.Type[])

(Filename: Assets/ARLocation/Editor/ARLocationEditorConfigManager.cs Line: 17)

[ARLocation]: Config already exists!
UnityEngine.StackTraceUtility:ExtractStackTrace ()
UnityEngine.DebugLogHandler:LogFormat (UnityEngine.LogType,UnityEngine.Object,string,object[])
UnityEngine.Logger:Log (UnityEngine.LogType,object)
UnityEngine.Debug:Log (object)
ARLocationEditorConfigManager:.cctor () (at Assets/ARLocation/Editor/ARLocationEditorConfigManager.cs:29)
System.Runtime.CompilerServices.RuntimeHelpers:RunClassConstructor (System.RuntimeTypeHandle)
UnityEditor.EditorAssemblies:ProcessInitializeOnLoadAttributes (System.Type[])

(Filename: Assets/ARLocation/Editor/ARLocationEditorConfigManager.cs Line: 29)

Mono: successfully reloaded assembly
- Completed reload, in  1.493 seconds
Platform modules already initialized, skipping
Switching build target platform(19) subTarget(0) extendedPlatform(0) -> platform(13) subTarget(524288) extendedPlatform(0)
Refreshing native plugins compatible for Editor in 1.12 ms, found 3 plugins.
Preloading 0 native plugins for Editor in 0.00 ms.
Unloading 2376 Unused Serialized files (Serialized files now loaded: 0)
System memory in use before: 107.0 MB.
System memory in use after: 107.2 MB.

Unloading 56 unused Assets to reduce memory usage. Loaded Objects now: 2830.
Total: 3.393000 ms (FindLiveObjects: 0.356700 ms CreateObjectMapping: 0.193200 ms MarkObjects: 2.795400 ms  DeleteObjects: 0.045500 ms)

AssetImportParameters requested are different than current active one (requested -> active):
  custom:framework-win-MediaFoundation: 216162199b28c13a410421893ffa2e32 -> 
  custom:video-decoder-ogg-theora: a1e56fd34408186e4bbccfd4996cb3dc -> 
  custom:container-muxer-webm: aa71ff27fc2769a1b78a27578f13a17b -> 
  custom:container-demuxer-webm: 4f35f7cbe854078d1ac9338744f61a02 -> 
  custom:container-demuxer-ogg: 62fdf1f143b41e24485cea50d1cbac27 -> 
  custom:video-encoder-webm-vp8: eb34c28f22e8b96e1ab97ce403110664 -> 
  custom:video-decoder-webm-vp8: 9c59270c3fd7afecdb556c50c9e8de78 -> 
  custom:graphics/normal-map-encoding: 01000000000000000000000000000000 -> 02000000000000000000000000000000
  custom:audio-decoder-ogg-vorbis: bf7c407c2cedff20999df2af8eb42d56 -> 
  custom:audio-encoder-webm-vorbis: bf7c407c2cedff20999df2af8eb42d56 -> 
========================================================================
Received Prepare
Refreshing native plugins compatible for Editor in 19.48 ms, found 3 plugins.
Preloading 0 native plugins for Editor in 0.00 ms.
Unloading 53 Unused Serialized files (Serialized files now loaded: 0)
System memory in use before: 60.0 MB.
System memory in use after: 60.3 MB.

Unloading 53 unused Assets to reduce memory usage. Loaded Objects now: 2830.
Total: 2.768000 ms (FindLiveObjects: 0.270800 ms CreateObjectMapping: 0.140200 ms MarkObjects: 2.313000 ms  DeleteObjects: 0.042800 ms)

AssetImportParameters requested are different than current active one (requested -> active):
  custom:framework-win-MediaFoundation: 216162199b28c13a410421893ffa2e32 -> 
  custom:video-decoder-ogg-theora: a1e56fd34408186e4bbccfd4996cb3dc -> 
  custom:container-muxer-webm: aa71ff27fc2769a1b78a27578f13a17b -> 
  custom:container-demuxer-webm: 4f35f7cbe854078d1ac9338744f61a02 -> 
  custom:container-demuxer-ogg: 62fdf1f143b41e24485cea50d1cbac27 -> 
  custom:video-encoder-webm-vp8: eb34c28f22e8b96e1ab97ce403110664 -> 
  custom:video-decoder-webm-vp8: 9c59270c3fd7afecdb556c50c9e8de78 -> 
  custom:audio-decoder-ogg-vorbis: bf7c407c2cedff20999df2af8eb42d56 -> 
  custom:audio-encoder-webm-vorbis: bf7c407c2cedff20999df2af8eb42d56 -> 
AssetImportWorkerClient::OnTransportError - code=2 error=End of file
